-------------------------------------------------------------------------------
Test set: TestSuite
-------------------------------------------------------------------------------
Tests run: 2, Failures: 1, Errors: 0, Skipped: 0, Time elapsed: 42.468 s <<< FAILURE! - in TestSuite
addNewCustomer(com.inetbanking.testCases.TC_AddCustomerTest_003)  Time elapsed: 13.153 s  <<< FAILURE!
java.lang.AssertionError: did not expect to find [true] but found [false]
	at com.inetbanking.testCases.TC_AddCustomerTest_003.addNewCustomer(TC_AddCustomerTest_003.java:59)

