<?xml version="1.0" encoding="UTF-8"?>
<testng-results skipped="0" failed="0" ignored="0" total="1" passed="1">
  <reporter-output>
  </reporter-output>
  <suite name="InetBanking" duration-ms="17901" started-at="2019-08-26T18:39:50 IDT" finished-at="2019-08-26T18:40:07 IDT">
    <groups>
    </groups>
    <test name="Banking Test" duration-ms="17901" started-at="2019-08-26T18:39:50 IDT" finished-at="2019-08-26T18:40:07 IDT">
      <class name="com.inetbanking.testCases.TC_LoginTest_001">
        <test-method status="PASS" signature="setup(java.lang.String)[pri:0, instance:com.inetbanking.testCases.TC_LoginTest_001@6c49835d]" name="setup" is-config="true" duration-ms="11318" started-at="2019-08-26T18:39:50 IDT" finished-at="2019-08-26T18:40:01 IDT">
          <params>
            <param index="0">
              <value>
                <![CDATA[chrome]]>
              </value>
            </param>
          </params>
          <reporter-output>
          </reporter-output>
        </test-method> <!-- setup -->
        <test-method status="PASS" signature="loginTest()[pri:0, instance:com.inetbanking.testCases.TC_LoginTest_001@6c49835d]" name="loginTest" duration-ms="5873" started-at="2019-08-26T18:40:01 IDT" finished-at="2019-08-26T18:40:07 IDT">
          <reporter-output>
          </reporter-output>
        </test-method> <!-- loginTest -->
        <test-method status="PASS" signature="tearDown()[pri:0, instance:com.inetbanking.testCases.TC_LoginTest_001@6c49835d]" name="tearDown" is-config="true" duration-ms="673" started-at="2019-08-26T18:40:07 IDT" finished-at="2019-08-26T18:40:07 IDT">
          <reporter-output>
          </reporter-output>
        </test-method> <!-- tearDown -->
      </class> <!-- com.inetbanking.testCases.TC_LoginTest_001 -->
    </test> <!-- Banking Test -->
  </suite> <!-- InetBanking -->
</testng-results>
